0 info it worked if it ends with ok
1 verbose cli [ '/Users/fushiminaoto/.nodebrew/node/v7.0.0/bin/node',
1 verbose cli   '/Users/fushiminaoto/.nodebrew/node/v7.0.0/bin/npm',
1 verbose cli   'run',
1 verbose cli   'watch' ]
2 info using npm@3.10.8
3 info using node@v7.0.0
4 verbose run-script [ 'prewatch', 'watch', 'postwatch' ]
5 info lifecycle naoto243-react-kit@0.0.9~prewatch: naoto243-react-kit@0.0.9
6 silly lifecycle naoto243-react-kit@0.0.9~prewatch: no script for prewatch, continuing
7 info lifecycle naoto243-react-kit@0.0.9~watch: naoto243-react-kit@0.0.9
8 verbose lifecycle naoto243-react-kit@0.0.9~watch: unsafe-perm in lifecycle true
9 verbose lifecycle naoto243-react-kit@0.0.9~watch: PATH: /Users/fushiminaoto/.nodebrew/node/v7.0.0/lib/node_modules/npm/bin/node-gyp-bin:/Users/fushiminaoto/project/2017_00/npm-react-publish/node_modules/.bin:/usr/local/lib/node_modules/npm/bin/node-gyp-bin:/Users/fushiminaoto/project/2017_00/npm-react-publish/node_modules/.bin:/Users/fushiminaoto/.nodebrew/node/v7.0.0/bin:/usr/local/bin:/usr/local/bin/bash:/usr/local/bin/redis-server:/usr/local/bin/redis-cli:/Users/fushiminaoto/.rbenv/shims:/Users/fushiminaoto/.rbenv/bin:/Users/fushiminaoto/.plenv/shims:/Users/fushiminaoto/.plenv/bin:/usr/local/bin:/usr/bin:/bin:/usr/sbin:/sbin:/opt/X11/bin/Users/fushiminaoto/android-sdk/eclipse/sdk/tools:/Users/fushiminaoto/android-sdk/eclipse/sdk/platform-tools:/Library/Java/JavaVirtualMachines/jdk1.8.0_25.jdk/Contents/Home/bin:/Users/fushiminaoto/.nodebrew/current/bin:/Users/fushiminaoto/go/bin
10 verbose lifecycle naoto243-react-kit@0.0.9~watch: CWD: /Users/fushiminaoto/project/2017_00/npm-react-publish
11 silly lifecycle naoto243-react-kit@0.0.9~watch: Args: [ '-c', 'tsc -w --outDir lib/ --rootDir src/ts -d' ]
12 silly lifecycle naoto243-react-kit@0.0.9~watch: Returned: code: 1  signal: null
13 info lifecycle naoto243-react-kit@0.0.9~watch: Failed to exec watch script
14 verbose stack Error: naoto243-react-kit@0.0.9 watch: `tsc -w --outDir lib/ --rootDir src/ts -d`
14 verbose stack Exit status 1
14 verbose stack     at EventEmitter.<anonymous> (/Users/fushiminaoto/.nodebrew/node/v7.0.0/lib/node_modules/npm/lib/utils/lifecycle.js:255:16)
14 verbose stack     at emitTwo (events.js:106:13)
14 verbose stack     at EventEmitter.emit (events.js:191:7)
14 verbose stack     at ChildProcess.<anonymous> (/Users/fushiminaoto/.nodebrew/node/v7.0.0/lib/node_modules/npm/lib/utils/spawn.js:40:14)
14 verbose stack     at emitTwo (events.js:106:13)
14 verbose stack     at ChildProcess.emit (events.js:191:7)
14 verbose stack     at maybeClose (internal/child_process.js:877:16)
14 verbose stack     at Process.ChildProcess._handle.onexit (internal/child_process.js:226:5)
15 verbose pkgid naoto243-react-kit@0.0.9
16 verbose cwd /Users/fushiminaoto/project/2017_00/npm-react-publish
17 error Darwin 15.6.0
18 error argv "/Users/fushiminaoto/.nodebrew/node/v7.0.0/bin/node" "/Users/fushiminaoto/.nodebrew/node/v7.0.0/bin/npm" "run" "watch"
19 error node v7.0.0
20 error npm  v3.10.8
21 error code ELIFECYCLE
22 error naoto243-react-kit@0.0.9 watch: `tsc -w --outDir lib/ --rootDir src/ts -d`
22 error Exit status 1
23 error Failed at the naoto243-react-kit@0.0.9 watch script 'tsc -w --outDir lib/ --rootDir src/ts -d'.
23 error Make sure you have the latest version of node.js and npm installed.
23 error If you do, this is most likely a problem with the naoto243-react-kit package,
23 error not with npm itself.
23 error Tell the author that this fails on your system:
23 error     tsc -w --outDir lib/ --rootDir src/ts -d
23 error You can get information on how to open an issue for this project with:
23 error     npm bugs naoto243-react-kit
23 error Or if that isn't available, you can get their info via:
23 error     npm owner ls naoto243-react-kit
23 error There is likely additional logging output above.
24 verbose exit [ 1, true ]
